2024-03-11 19:02:47.550 INFO  (main) [c: s: r: x: t:] o.e.j.s.Server jetty-10.0.19; built: 2023-12-15T20:38:32.477Z; git: 8492d1c78f122bb30cce20aecfa07e7283facd47; jvm 17.0.10+7
2024-03-11 19:02:47.949 WARN  (main) [c: s: r: x: t:] o.e.j.u.DeprecationWarning Using @Deprecated Class org.eclipse.jetty.servlet.listener.ELContextCleaner
2024-03-11 19:02:47.997 INFO  (main) [c: s: r: x: t:] o.a.s.s.CoreContainerProvider Using logger factory org.apache.logging.slf4j.Log4jLoggerFactory
2024-03-11 19:02:48.007 INFO  (main) [c: s: r: x: t:] o.a.s.s.CoreContainerProvider  ___      _       Welcome to Apache Solr™ version 9.5.0
2024-03-11 19:02:48.008 INFO  (main) [c: s: r: x: t:] o.a.s.s.CoreContainerProvider / __| ___| |_ _   Starting in standalone mode on port 8983
2024-03-11 19:02:48.008 INFO  (main) [c: s: r: x: t:] o.a.s.s.CoreContainerProvider \__ \/ _ \ | '_|  Install dir: /opt/solr-9.5.0
2024-03-11 19:02:48.008 INFO  (main) [c: s: r: x: t:] o.a.s.s.CoreContainerProvider |___/\___/_|_|    Start time: 2024-03-11T19:02:48.008663876Z
2024-03-11 19:02:48.013 INFO  (main) [c: s: r: x: t:] o.a.s.s.CoreContainerProvider Solr started with "-XX:+CrashOnOutOfMemoryError" that will crash on any OutOfMemoryError exception. The cause of the OOME will be logged in the crash file at the following path: /var/solr/logs/jvm_crash_17.log
2024-03-11 19:02:48.055 INFO  (main) [c: s: r: x: t:] o.a.s.s.CoreContainerProvider Solr Home: /var/solr/data (source: system property: solr.solr.home)
2024-03-11 19:02:48.078 INFO  (main) [c: s: r: x: t:] o.a.s.c.SolrXmlConfig solr.xml not found in SOLR_HOME, using built-in default
2024-03-11 19:02:48.078 INFO  (main) [c: s: r: x: t:] o.a.s.c.SolrXmlConfig Loading solr.xml from /opt/solr-9.5.0/server/solr/solr.xml
2024-03-11 19:02:48.132 INFO  (main) [c: s: r: x: t:] o.a.s.c.SolrResourceLoader Added 1 libs to classloader, from paths: [/opt/solr-9.5.0/lib]
2024-03-11 19:02:49.214 INFO  (main) [c: s: r: x: t:] o.a.s.u.t.SimplePropagator Always-on trace id generation enabled.
2024-03-11 19:02:49.539 WARN  (main) [c: s: r: x: t:] o.a.s.u.StartupLoggingUtils Jetty request logging enabled. Will retain logs for last 3 days. See chapter "Configuring Logging" in reference guide for how to configure.
2024-03-11 19:02:49.544 WARN  (main) [c: s: r: x: t:] o.a.s.c.CoreContainer Not all security plugins configured!  authentication=disabled authorization=disabled.  Solr is only as secure as you make it. Consider configuring authentication/authorization before exposing Solr to users internal or external.  See https://s.apache.org/solrsecurity for more info
2024-03-11 19:02:49.893 INFO  (main) [c: s: r: x: t:] o.a.s.c.CorePropertiesLocator Found 1 core definitions underneath /var/solr/data
2024-03-11 19:02:49.894 INFO  (main) [c: s: r: x: t:] o.a.s.c.CorePropertiesLocator Cores are: [n11_restaurants]
2024-03-11 19:02:49.957 INFO  (coreLoadExecutor-11-thread-1) [c: s: r: x:n11_restaurants t:] o.a.s.c.SolrConfig Using Lucene MatchVersion: 9.9.0
2024-03-11 19:02:50.076 INFO  (coreLoadExecutor-11-thread-1) [c: s: r: x:n11_restaurants t:] o.a.s.s.IndexSchema Schema name=default-config
2024-03-11 19:02:50.180 WARN  (main) [c: s: r: x: t:] o.g.j.m.i.MessagingBinders A class jakarta.activation.DataSource for a default provider MessageBodyWriter<jakarta.activation.DataSource> was not found. The provider is not available.
2024-03-11 19:02:50.743 INFO  (main) [c: s: r: x: t:] o.a.s.j.SolrRequestAuthorizer Creating a new SolrRequestAuthorizer
2024-03-11 19:02:51.008 INFO  (main) [c: s: r: x: t:] o.e.j.s.h.ContextHandler Started o.e.j.w.WebAppContext@62d363ab{solr-jetty-context.xml,/solr,file:///opt/solr-9.5.0/server/solr-webapp/webapp/,AVAILABLE}{/opt/solr-9.5.0/server/solr-webapp/webapp}
2024-03-11 19:02:51.026 INFO  (main) [c: s: r: x: t:] o.e.j.s.RequestLogWriter Opened /var/solr/logs/2024_03_11.request.log
2024-03-11 19:02:51.030 INFO  (main) [c: s: r: x: t:] o.e.j.s.AbstractConnector Started ServerConnector@79da1ec0{HTTP/1.1, (http/1.1, h2c)}{0.0.0.0:8983}
2024-03-11 19:02:51.032 INFO  (main) [c: s: r: x: t:] o.e.j.s.Server Started Server@277f7dd3{STARTING}[10.0.19,sto=0] @5041ms
2024-03-11 19:02:51.101 INFO  (coreLoadExecutor-11-thread-1) [c: s: r: x:n11_restaurants t:] o.a.s.s.IndexSchema Loaded schema default-config/1.6 with uniqueid field id
2024-03-11 19:02:51.101 INFO  (coreLoadExecutor-11-thread-1) [c: s: r: x:n11_restaurants t:] o.a.s.c.CoreContainer Creating SolrCore 'n11_restaurants' using configuration from instancedir /var/solr/data/n11_restaurants, trusted=true
2024-03-11 19:02:51.136 INFO  (coreLoadExecutor-11-thread-1) [c: s: r: x:n11_restaurants t:] o.a.s.c.SolrCore Opening new SolrCore at [/var/solr/data/n11_restaurants], dataDir=[/var/solr/data/n11_restaurants/data/]
2024-03-11 19:02:52.230 INFO  (coreLoadExecutor-11-thread-1) [c: s: r: x:n11_restaurants t:] o.a.s.j.SolrRequestAuthorizer Creating a new SolrRequestAuthorizer
2024-03-11 19:02:52.259 INFO  (coreLoadExecutor-11-thread-1) [c: s: r: x:n11_restaurants t:] o.a.s.u.UpdateHandler Using UpdateLog implementation: org.apache.solr.update.UpdateLog
2024-03-11 19:02:52.259 INFO  (coreLoadExecutor-11-thread-1) [c: s: r: x:n11_restaurants t:] o.a.s.u.UpdateLog Initializing UpdateLog: dataDir= defaultSyncLevel=FLUSH numRecordsToKeep=100 maxNumLogsToKeep=10 numVersionBuckets=65536
2024-03-11 19:02:52.282 INFO  (coreLoadExecutor-11-thread-1) [c: s: r: x:n11_restaurants t:] o.a.s.u.CommitTracker Hard AutoCommit: if uncommitted for 15000ms; 
2024-03-11 19:02:52.282 INFO  (coreLoadExecutor-11-thread-1) [c: s: r: x:n11_restaurants t:] o.a.s.u.CommitTracker Soft AutoCommit: if uncommitted for 3000ms; 
2024-03-11 19:02:52.364 INFO  (coreLoadExecutor-11-thread-1) [c: s: r: x:n11_restaurants t:] o.a.s.r.ManagedResourceStorage File-based storage initialized to use dir: /var/solr/data/n11_restaurants/conf
2024-03-11 19:02:52.381 INFO  (coreLoadExecutor-11-thread-1) [c: s: r: x:n11_restaurants t:] o.a.s.s.DirectSolrSpellChecker init: {maxEdits=2, minPrefix=1, maxInspections=5, minQueryLength=4, accuracy=0.5, maxQueryFrequency=0.01, name=default, field=_text_, classname=solr.DirectSolrSpellChecker, distanceMeasure=internal}
2024-03-11 19:02:52.393 INFO  (coreLoadExecutor-11-thread-1) [c: s: r: x:n11_restaurants t:] o.a.s.h.ReplicationHandler Commits will be reserved for 10000 ms
2024-03-11 19:02:52.396 INFO  (searcherExecutor-13-thread-1-processing-n11_restaurants) [c: s: r: x:n11_restaurants t:] o.a.s.c.QuerySenderListener QuerySenderListener done.
2024-03-11 19:02:52.396 INFO  (searcherExecutor-13-thread-1-processing-n11_restaurants) [c: s: r: x:n11_restaurants t:] o.a.s.h.c.SpellCheckComponent Loading spell index for spellchecker: default
2024-03-11 19:02:52.408 INFO  (searcherExecutor-13-thread-1-processing-n11_restaurants) [c: s: r: x:n11_restaurants t:] o.a.s.c.SolrCore Registered new searcher autowarm time: 0 ms
2024-03-11 19:03:34.312 INFO  (qtp738677855-19-null-2) [c: s: r: x: t:null-2] o.a.s.s.HttpSolrCall [admin] webapp=null path=/admin/cores params={indexInfo=false&wt=json&_=1710183814261} status=0 QTime=8
2024-03-11 19:03:35.011 INFO  (qtp738677855-20-null-3) [c: s: r: x: t:null-3] o.a.s.s.HttpSolrCall [admin] webapp=null path=/admin/info/system params={wt=json&_=1710183814261} status=0 QTime=15
2024-03-11 19:03:36.013 INFO  (qtp738677855-21-null-4) [c: s: r: x:n11_restaurants t:null-4] o.a.s.c.S.Request webapp=/solr path=/admin/luke params={numTerms=0&show=index&wt=json&_=1710183814294} status=0 QTime=6
2024-03-11 19:03:37.035 INFO  (qtp738677855-18-null-5) [c: s: r: x:n11_restaurants t:null-5] o.a.s.c.S.Request webapp=/solr path=/replication params={wt=json&command=details&_=1710183814295} status=0 QTime=10
2024-03-11 19:03:38.062 INFO  (qtp738677855-24-null-6) [c: s: r: x:n11_restaurants t:null-6] o.a.s.c.S.Request webapp=/solr path=/admin/system params={wt=json&_=1710183814294} status=0 QTime=14
2024-03-11 19:03:39.073 INFO  (qtp738677855-26-null-7) [c: s: r: x:n11_restaurants t:null-7] o.a.s.c.S.Request webapp=/solr path=/admin/ping params={action=status&wt=json&_=1710183814261&ts=1710183814261} status=503 QTime=2
2024-03-11 19:08:12.299 INFO  (qtp738677855-27-null-8) [c: s: r: x:n11_restaurants t:null-8] o.a.s.s.ManagedIndexSchema Upgraded to managed schema at /var/solr/data/n11_restaurants/conf/managed-schema.xml
2024-03-11 19:08:12.389 INFO  (qtp738677855-27-null-8) [c: s: r: x:n11_restaurants t:null-8] o.a.s.u.p.LogUpdateProcessorFactory webapp=/solr path=/update params={wt=javabin&version=2}{add=[995e1f32-7ddc-487a-b67a-69c4f6223454 (1793257994780147712)]} 0 979
2024-03-11 19:08:12.717 INFO  (searcherExecutor-13-thread-1-processing-n11_restaurants null-9) [c: s: r: x:n11_restaurants t:null-9] o.a.s.c.QuerySenderListener QuerySenderListener done.
2024-03-11 19:08:12.730 INFO  (searcherExecutor-13-thread-1-processing-n11_restaurants null-9) [c: s: r: x:n11_restaurants t:null-9] o.a.s.c.SolrCore Registered new searcher autowarm time: 4 ms
2024-03-11 19:08:12.734 INFO  (qtp738677855-24-null-9) [c: s: r: x:n11_restaurants t:null-9] o.a.s.u.p.LogUpdateProcessorFactory webapp=/solr path=/update params={waitSearcher=true&commit=true&softCommit=false&wt=javabin&version=2}{commit=} 0 322
2024-03-11 19:13:51.009 INFO  (qtp738677855-20-null-10) [c: s: r: x:n11_restaurants t:null-10] o.a.s.u.p.LogUpdateProcessorFactory webapp=/solr path=/update params={wt=javabin&version=2}{add=[369348be-f20a-4526-abe1-04289251006f (1793258349913964544)]} 0 15
2024-03-11 19:13:51.213 INFO  (searcherExecutor-13-thread-1-processing-n11_restaurants null-11) [c: s: r: x:n11_restaurants t:null-11] o.a.s.c.QuerySenderListener QuerySenderListener done.
2024-03-11 19:13:51.221 INFO  (searcherExecutor-13-thread-1-processing-n11_restaurants null-11) [c: s: r: x:n11_restaurants t:null-11] o.a.s.c.SolrCore Registered new searcher autowarm time: 0 ms
2024-03-11 19:13:51.222 INFO  (qtp738677855-23-null-11) [c: s: r: x:n11_restaurants t:null-11] o.a.s.u.p.LogUpdateProcessorFactory webapp=/solr path=/update params={waitSearcher=true&commit=true&softCommit=false&wt=javabin&version=2}{commit=} 0 189
2024-03-11 19:14:02.643 INFO  (qtp738677855-27-null-12) [c: s: r: x:n11_restaurants t:null-12] o.a.s.u.p.LogUpdateProcessorFactory webapp=/solr path=/update params={wt=javabin&version=2}{add=[d0ccbe13-08e6-4f73-a614-ff0a71d37eaa (1793258362108903424)]} 0 19
2024-03-11 19:14:02.829 INFO  (searcherExecutor-13-thread-1-processing-n11_restaurants null-13) [c: s: r: x:n11_restaurants t:null-13] o.a.s.c.QuerySenderListener QuerySenderListener done.
2024-03-11 19:14:02.835 INFO  (searcherExecutor-13-thread-1-processing-n11_restaurants null-13) [c: s: r: x:n11_restaurants t:null-13] o.a.s.c.SolrCore Registered new searcher autowarm time: 0 ms
2024-03-11 19:14:02.837 INFO  (qtp738677855-23-null-13) [c: s: r: x:n11_restaurants t:null-13] o.a.s.u.p.LogUpdateProcessorFactory webapp=/solr path=/update params={waitSearcher=true&commit=true&softCommit=false&wt=javabin&version=2}{commit=} 0 189
2024-03-11 19:15:33.733 INFO  (qtp738677855-19-null-14) [c: s: r: x:n11_restaurants t:null-14] o.a.s.u.p.LogUpdateProcessorFactory webapp=/solr path=/update params={wt=javabin&version=2}{add=[a48bf10f-35b8-4860-a6db-6d4d21b591c2 (1793258457626836992)]} 0 17
2024-03-11 19:15:33.941 INFO  (searcherExecutor-13-thread-1-processing-n11_restaurants null-15) [c: s: r: x:n11_restaurants t:null-15] o.a.s.c.QuerySenderListener QuerySenderListener done.
2024-03-11 19:15:33.945 INFO  (searcherExecutor-13-thread-1-processing-n11_restaurants null-15) [c: s: r: x:n11_restaurants t:null-15] o.a.s.c.SolrCore Registered new searcher autowarm time: 0 ms
2024-03-11 19:15:33.946 INFO  (qtp738677855-27-null-15) [c: s: r: x:n11_restaurants t:null-15] o.a.s.u.p.LogUpdateProcessorFactory webapp=/solr path=/update params={waitSearcher=true&commit=true&softCommit=false&wt=javabin&version=2}{commit=} 0 190
2024-03-11 19:18:08.679 INFO  (qtp738677855-26-null-16) [c: s: r: x:n11_restaurants t:null-16] o.a.s.u.p.LogUpdateProcessorFactory webapp=/solr path=/update params={wt=javabin&version=2}{add=[1653af85-0229-443f-a7c0-7811aaadde85 (1793258620098445312)]} 0 17
2024-03-11 19:18:08.913 INFO  (searcherExecutor-13-thread-1-processing-n11_restaurants null-17) [c: s: r: x:n11_restaurants t:null-17] o.a.s.c.QuerySenderListener QuerySenderListener done.
2024-03-11 19:18:08.917 INFO  (searcherExecutor-13-thread-1-processing-n11_restaurants null-17) [c: s: r: x:n11_restaurants t:null-17] o.a.s.c.SolrCore Registered new searcher autowarm time: 0 ms
2024-03-11 19:18:08.918 INFO  (qtp738677855-19-null-17) [c: s: r: x:n11_restaurants t:null-17] o.a.s.u.p.LogUpdateProcessorFactory webapp=/solr path=/update params={waitSearcher=true&commit=true&softCommit=false&wt=javabin&version=2}{commit=} 0 216
2024-03-11 19:19:15.211 INFO  (qtp738677855-26-null-18) [c: s: r: x:n11_restaurants t:null-18] o.a.s.u.p.LogUpdateProcessorFactory webapp=/solr path=/update params={wt=javabin&version=2}{add=[aa61fce6-4182-4dcc-a73a-bfee2a8befdd (1793258689863352320)]} 0 17
2024-03-11 19:19:15.445 INFO  (searcherExecutor-13-thread-1-processing-n11_restaurants null-19) [c: s: r: x:n11_restaurants t:null-19] o.a.s.c.QuerySenderListener QuerySenderListener done.
2024-03-11 19:19:15.450 INFO  (searcherExecutor-13-thread-1-processing-n11_restaurants null-19) [c: s: r: x:n11_restaurants t:null-19] o.a.s.c.SolrCore Registered new searcher autowarm time: 0 ms
2024-03-11 19:19:15.451 INFO  (qtp738677855-19-null-19) [c: s: r: x:n11_restaurants t:null-19] o.a.s.u.p.LogUpdateProcessorFactory webapp=/solr path=/update params={waitSearcher=true&commit=true&softCommit=false&wt=javabin&version=2}{commit=} 0 235
2024-03-11 19:19:41.007 INFO  (qtp738677855-26-null-20) [c: s: r: x:n11_restaurants t:null-20] o.a.s.u.p.LogUpdateProcessorFactory webapp=/solr path=/update params={wt=javabin&version=2}{add=[98192de8-edf2-4eaf-8221-db1209ca3cca (1793258716904030208)]} 0 25
2024-03-11 19:19:41.240 INFO  (searcherExecutor-13-thread-1-processing-n11_restaurants null-21) [c: s: r: x:n11_restaurants t:null-21] o.a.s.c.QuerySenderListener QuerySenderListener done.
2024-03-11 19:19:41.244 INFO  (searcherExecutor-13-thread-1-processing-n11_restaurants null-21) [c: s: r: x:n11_restaurants t:null-21] o.a.s.c.SolrCore Registered new searcher autowarm time: 0 ms
2024-03-11 19:19:41.245 INFO  (qtp738677855-19-null-21) [c: s: r: x:n11_restaurants t:null-21] o.a.s.u.p.LogUpdateProcessorFactory webapp=/solr path=/update params={waitSearcher=true&commit=true&softCommit=false&wt=javabin&version=2}{commit=} 0 233
2024-03-11 19:24:11.940 INFO  (qtp738677855-25-null-22) [c: s: r: x:n11_restaurants t:null-22] o.a.s.u.p.LogUpdateProcessorFactory webapp=/solr path=/update params={wt=javabin&version=2}{add=[23e294fb-9d28-46e9-baf7-afc61dc040ae (1793259001005211648)]} 0 17
2024-03-11 19:24:12.226 INFO  (searcherExecutor-13-thread-1-processing-n11_restaurants null-23) [c: s: r: x:n11_restaurants t:null-23] o.a.s.c.QuerySenderListener QuerySenderListener done.
2024-03-11 19:24:12.231 INFO  (searcherExecutor-13-thread-1-processing-n11_restaurants null-23) [c: s: r: x:n11_restaurants t:null-23] o.a.s.c.SolrCore Registered new searcher autowarm time: 0 ms
2024-03-11 19:24:12.233 INFO  (qtp738677855-24-null-23) [c: s: r: x:n11_restaurants t:null-23] o.a.s.u.p.LogUpdateProcessorFactory webapp=/solr path=/update params={waitSearcher=true&commit=true&softCommit=false&wt=javabin&version=2}{commit=} 0 287
2024-03-11 19:24:33.769 INFO  (qtp738677855-18-null-24) [c: s: r: x:n11_restaurants t:null-24] o.a.s.u.p.LogUpdateProcessorFactory webapp=/solr path=/update params={wt=javabin&version=2}{add=[9f2d9cb0-7b2e-467a-9511-47dac4d44797 (1793259023896674304)]} 0 15
2024-03-11 19:24:34.096 INFO  (searcherExecutor-13-thread-1-processing-n11_restaurants null-25) [c: s: r: x:n11_restaurants t:null-25] o.a.s.c.QuerySenderListener QuerySenderListener done.
2024-03-11 19:24:34.100 INFO  (searcherExecutor-13-thread-1-processing-n11_restaurants null-25) [c: s: r: x:n11_restaurants t:null-25] o.a.s.c.SolrCore Registered new searcher autowarm time: 0 ms
2024-03-11 19:24:34.102 INFO  (qtp738677855-24-null-25) [c: s: r: x:n11_restaurants t:null-25] o.a.s.u.p.LogUpdateProcessorFactory webapp=/solr path=/update params={waitSearcher=true&commit=true&softCommit=false&wt=javabin&version=2}{commit=} 0 328
2024-03-11 19:26:35.761 INFO  (qtp738677855-27-null-26) [c: s: r: x:n11_restaurants t:null-26] o.a.s.c.S.Request webapp=/solr path=/admin/luke params={show=schema&wt=json&_=1710183814294} status=0 QTime=8
2024-03-11 19:26:36.772 INFO  (qtp738677855-19-null-27) [c: s: r: x: t:null-27] o.a.s.s.HttpSolrCall [admin] webapp=null path=/admin/cores params={indexInfo=false&wt=json&_=1710183814261} status=0 QTime=0
2024-03-11 19:26:37.825 INFO  (qtp738677855-24-null-28) [c: s: r: x: t:null-28] o.a.s.s.HttpSolrCall [admin] webapp=null path=/admin/info/system params={wt=json&_=1710183814261} status=0 QTime=28
2024-03-11 19:26:38.842 INFO  (qtp738677855-24-null-31) [c: s: r: x: t:null-31] o.a.s.s.HttpSolrCall [admin] webapp=null path=/admin/cores params={indexInfo=false&wt=json&_=1710183814261} status=0 QTime=0
2024-03-11 19:26:38.844 INFO  (qtp738677855-27-null-29) [c: s: r: x:n11_restaurants t:null-29] o.a.s.c.S.Request webapp=/solr path=/config/params params={wt=json&_=1710185198820} status=0 QTime=3
2024-03-11 19:26:38.852 INFO  (qtp738677855-23-null-30) [c: s: r: x: t:null-30] o.a.s.s.HttpSolrCall [admin] webapp=null path=/admin/info/system params={wt=json&_=1710183814261} status=0 QTime=10
2024-03-11 19:26:40.481 INFO  (qtp738677855-20-null-32) [c: s: r: x:n11_restaurants t:null-32] o.a.s.c.S.Request webapp=/solr path=/config/params params={wt=json&_=1710185198820} status=0 QTime=0
2024-03-11 19:26:40.481 INFO  (qtp738677855-19-null-35) [c: s: r: x: t:null-35] o.a.s.s.HttpSolrCall [admin] webapp=null path=/admin/cores params={indexInfo=false&wt=json&_=1710183814261} status=0 QTime=0
2024-03-11 19:26:40.492 INFO  (qtp738677855-23-null-34) [c: s: r: x: t:null-34] o.a.s.s.HttpSolrCall [admin] webapp=null path=/admin/info/system params={wt=json&_=1710183814261} status=0 QTime=11
2024-03-11 19:26:40.523 INFO  (qtp738677855-18-null-33) [c: s: r: x:n11_restaurants t:null-33] o.a.s.c.S.Request webapp=/solr path=/select params={q=*:*&indent=true&q.op=OR&useParams=&_=1710185198820} hits=9 status=0 QTime=41
2024-03-11 19:27:44.464 INFO  (qtp738677855-26-null-36) [c: s: r: x:n11_restaurants t:null-36] o.a.s.u.p.LogUpdateProcessorFactory webapp=/solr path=/update params={wt=javabin&version=2}{add=[bc0b4f36-e6c4-466e-b475-f0266067f87c (1793259223856971776)]} 0 13
2024-03-11 19:27:44.726 INFO  (searcherExecutor-13-thread-1-processing-n11_restaurants null-37) [c: s: r: x:n11_restaurants t:null-37] o.a.s.c.QuerySenderListener QuerySenderListener done.
2024-03-11 19:27:44.731 INFO  (searcherExecutor-13-thread-1-processing-n11_restaurants null-37) [c: s: r: x:n11_restaurants t:null-37] o.a.s.c.SolrCore Registered new searcher autowarm time: 0 ms
2024-03-11 19:27:44.736 INFO  (qtp738677855-18-null-37) [c: s: r: x:n11_restaurants t:null-37] o.a.s.u.p.LogUpdateProcessorFactory webapp=/solr path=/update params={waitSearcher=true&commit=true&softCommit=false&wt=javabin&version=2}{commit=} 0 264
2024-03-11 19:28:48.085 INFO  (qtp738677855-27-null-38) [c: s: r: x:n11_restaurants t:null-38] o.a.s.u.p.LogUpdateProcessorFactory webapp=/solr path=/update params={wt=javabin&version=2}{add=[748c14f9-5559-4bac-a9b9-5be340396957 (1793259290565279744)]} 0 17
2024-03-11 19:28:48.420 INFO  (searcherExecutor-13-thread-1-processing-n11_restaurants null-39) [c: s: r: x:n11_restaurants t:null-39] o.a.s.c.QuerySenderListener QuerySenderListener done.
2024-03-11 19:28:48.427 INFO  (searcherExecutor-13-thread-1-processing-n11_restaurants null-39) [c: s: r: x:n11_restaurants t:null-39] o.a.s.c.SolrCore Registered new searcher autowarm time: 0 ms
2024-03-11 19:28:48.723 INFO  (qtp738677855-26-null-39) [c: s: r: x:n11_restaurants t:null-39] o.a.s.u.p.LogUpdateProcessorFactory webapp=/solr path=/update params={waitSearcher=true&commit=true&softCommit=false&wt=javabin&version=2}{commit=} 0 632
2024-03-11 19:30:01.514 INFO  (qtp738677855-18-null-40) [c: s: r: x:n11_restaurants t:null-40] o.a.s.u.p.LogUpdateProcessorFactory webapp=/solr path=/update params={wt=javabin&version=2}{add=[8fcaf16f-1755-4b04-9811-da55f6a1d1ff (1793259367563264000)]} 0 14
2024-03-11 19:30:01.735 INFO  (searcherExecutor-13-thread-1-processing-n11_restaurants null-41) [c: s: r: x:n11_restaurants t:null-41] o.a.s.c.QuerySenderListener QuerySenderListener done.
2024-03-11 19:30:01.741 INFO  (searcherExecutor-13-thread-1-processing-n11_restaurants null-41) [c: s: r: x:n11_restaurants t:null-41] o.a.s.c.SolrCore Registered new searcher autowarm time: 0 ms
2024-03-11 19:30:01.742 INFO  (qtp738677855-27-null-41) [c: s: r: x:n11_restaurants t:null-41] o.a.s.u.p.LogUpdateProcessorFactory webapp=/solr path=/update params={waitSearcher=true&commit=true&softCommit=false&wt=javabin&version=2}{commit=} 0 207
2024-03-11 19:30:46.031 INFO  (qtp738677855-18-null-42) [c: s: r: x:n11_restaurants t:null-42] o.a.s.u.p.LogUpdateProcessorFactory webapp=/solr path=/update params={wt=javabin&version=2}{add=[c3d4397c-24b3-4618-be2b-8a11c5577409 (1793259414242721792)]} 0 14
2024-03-11 19:30:46.236 INFO  (searcherExecutor-13-thread-1-processing-n11_restaurants null-43) [c: s: r: x:n11_restaurants t:null-43] o.a.s.c.QuerySenderListener QuerySenderListener done.
2024-03-11 19:30:46.241 INFO  (searcherExecutor-13-thread-1-processing-n11_restaurants null-43) [c: s: r: x:n11_restaurants t:null-43] o.a.s.c.SolrCore Registered new searcher autowarm time: 0 ms
2024-03-11 19:30:46.242 INFO  (qtp738677855-27-null-43) [c: s: r: x:n11_restaurants t:null-43] o.a.s.u.p.LogUpdateProcessorFactory webapp=/solr path=/update params={waitSearcher=true&commit=true&softCommit=false&wt=javabin&version=2}{commit=} 0 203
2024-03-11 19:31:52.731 INFO  (qtp738677855-47-null-44) [c: s: r: x:n11_restaurants t:null-44] o.a.s.u.p.LogUpdateProcessorFactory webapp=/solr path=/update params={wt=javabin&version=2}{add=[9d3540db-bcb0-46a9-8380-0ec76507831b (1793259484182740992)]} 0 14
2024-03-11 19:31:53.036 INFO  (searcherExecutor-13-thread-1-processing-n11_restaurants null-45) [c: s: r: x:n11_restaurants t:null-45] o.a.s.c.QuerySenderListener QuerySenderListener done.
2024-03-11 19:31:53.040 INFO  (searcherExecutor-13-thread-1-processing-n11_restaurants null-45) [c: s: r: x:n11_restaurants t:null-45] o.a.s.c.SolrCore Registered new searcher autowarm time: 0 ms
2024-03-11 19:31:53.041 INFO  (qtp738677855-18-null-45) [c: s: r: x:n11_restaurants t:null-45] o.a.s.u.p.LogUpdateProcessorFactory webapp=/solr path=/update params={waitSearcher=true&commit=true&softCommit=false&wt=javabin&version=2}{commit=} 0 249
2024-03-11 19:34:18.850 INFO  (qtp738677855-23-null-46) [c: s: r: x:n11_restaurants t:null-46] o.a.s.u.p.LogUpdateProcessorFactory webapp=/solr path=/update params={wt=javabin&version=2}{add=[c619b906-c19e-4c96-ba35-a3c388ab3dab (1793259637399617536)]} 0 14
2024-03-11 19:34:19.172 INFO  (searcherExecutor-13-thread-1-processing-n11_restaurants null-47) [c: s: r: x:n11_restaurants t:null-47] o.a.s.c.QuerySenderListener QuerySenderListener done.
2024-03-11 19:34:19.177 INFO  (searcherExecutor-13-thread-1-processing-n11_restaurants null-47) [c: s: r: x:n11_restaurants t:null-47] o.a.s.c.SolrCore Registered new searcher autowarm time: 0 ms
2024-03-11 19:34:19.179 INFO  (qtp738677855-47-null-47) [c: s: r: x:n11_restaurants t:null-47] o.a.s.u.p.LogUpdateProcessorFactory webapp=/solr path=/update params={waitSearcher=true&commit=true&softCommit=false&wt=javabin&version=2}{commit=} 0 323
2024-03-11 19:35:11.779 INFO  (qtp738677855-23-null-48) [c: s: r: x:n11_restaurants t:null-48] o.a.s.u.p.LogUpdateProcessorFactory webapp=/solr path=/update params={wt=javabin&version=2}{add=[879145b4-8405-4072-b069-451b183ef78a (1793259692896550912)]} 0 17
2024-03-11 19:35:12.078 INFO  (searcherExecutor-13-thread-1-processing-n11_restaurants null-49) [c: s: r: x:n11_restaurants t:null-49] o.a.s.c.QuerySenderListener QuerySenderListener done.
2024-03-11 19:35:12.084 INFO  (searcherExecutor-13-thread-1-processing-n11_restaurants null-49) [c: s: r: x:n11_restaurants t:null-49] o.a.s.c.SolrCore Registered new searcher autowarm time: 0 ms
2024-03-11 19:35:12.085 INFO  (qtp738677855-47-null-49) [c: s: r: x:n11_restaurants t:null-49] o.a.s.u.p.LogUpdateProcessorFactory webapp=/solr path=/update params={waitSearcher=true&commit=true&softCommit=false&wt=javabin&version=2}{commit=} 0 301
2024-03-11 19:36:12.892 INFO  (qtp738677855-26-null-50) [c: s: r: x:n11_restaurants t:null-50] o.a.s.u.p.LogUpdateProcessorFactory webapp=/solr path=/update params={wt=javabin&version=2}{add=[f2ddb14f-6e03-4c7b-bf57-9f6a74af3eac (1793259756964544512)]} 0 31
2024-03-11 19:36:13.372 INFO  (searcherExecutor-13-thread-1-processing-n11_restaurants null-51) [c: s: r: x:n11_restaurants t:null-51] o.a.s.c.QuerySenderListener QuerySenderListener done.
2024-03-11 19:36:13.377 INFO  (searcherExecutor-13-thread-1-processing-n11_restaurants null-51) [c: s: r: x:n11_restaurants t:null-51] o.a.s.c.SolrCore Registered new searcher autowarm time: 0 ms
2024-03-11 19:36:13.380 INFO  (qtp738677855-23-null-51) [c: s: r: x:n11_restaurants t:null-51] o.a.s.u.p.LogUpdateProcessorFactory webapp=/solr path=/update params={waitSearcher=true&commit=true&softCommit=false&wt=javabin&version=2}{commit=} 0 453
2024-03-11 19:39:39.438 INFO  (qtp738677855-27-null-52) [c: s: r: x:n11_restaurants t:null-52] o.a.s.c.S.Request webapp=/solr path=/select params={q=*:*&start=0&rows=0&wt=javabin&version=2} hits=17 status=0 QTime=1
2024-03-11 19:39:39.478 INFO  (qtp738677855-26-null-53) [c: s: r: x:n11_restaurants t:null-53] o.a.s.c.S.Request webapp=/solr path=/select params={q=*:*&start=0&rows=17&wt=javabin&version=2} hits=17 status=0 QTime=5
2024-03-11 19:40:07.599 INFO  (qtp738677855-27-null-54) [c: s: r: x:n11_restaurants t:null-54] o.a.s.c.S.Request webapp=/solr path=/select params={q=id:1&start=0&rows=1&wt=javabin&version=2} hits=0 status=0 QTime=10
